F:\OPENGL\MYOPENGL_LEARN\MYOPENGL_LEARN\MYOPENGL_LEARN\DEBUG\MYOPENGL_LEARN.PCH
F:\OPENGL\MYOPENGL_LEARN\MYOPENGL_LEARN\MYOPENGL_LEARN\DEBUG\STDAFX.OBJ
F:\OPENGL\MYOPENGL_LEARN\MYOPENGL_LEARN\MYOPENGL_LEARN\DEBUG\VC110.PDB
F:\OPENGL\MYOPENGL_LEARN\MYOPENGL_LEARN\MYOPENGL_LEARN\DEBUG\FIRSTGL.OBJ
F:\OPENGL\MYOPENGL_LEARN\MYOPENGL_LEARN\MYOPENGL_LEARN\DEBUG\MYOPENGL_LEARN.OBJ
F:\OPENGL\MYOPENGL_LEARN\MYOPENGL_LEARN\DEBUG\MYOPENGL_LEARN.ILK
F:\OPENGL\MYOPENGL_LEARN\MYOPENGL_LEARN\DEBUG\MYOPENGL_LEARN.EXE
F:\OPENGL\MYOPENGL_LEARN\MYOPENGL_LEARN\DEBUG\MYOPENGL_LEARN.PDB
F:\OpenGL\MyOpenGL_Learn\MyOpenGL_Learn\MyOpenGL_Learn\Debug\FirstGL.obj
F:\OpenGL\MyOpenGL_Learn\MyOpenGL_Learn\MyOpenGL_Learn\Debug\MyOpenGL_Learn.obj
F:\OpenGL\MyOpenGL_Learn\MyOpenGL_Learn\MyOpenGL_Learn\Debug\stdafx.obj
F:\OpenGL\MyOpenGL_Learn\MyOpenGL_Learn\MyOpenGL_Learn\Debug\cl.command.1.tlog
F:\OpenGL\MyOpenGL_Learn\MyOpenGL_Learn\MyOpenGL_Learn\Debug\CL.read.1.tlog
F:\OpenGL\MyOpenGL_Learn\MyOpenGL_Learn\MyOpenGL_Learn\Debug\CL.write.1.tlog
F:\OpenGL\MyOpenGL_Learn\MyOpenGL_Learn\MyOpenGL_Learn\Debug\link-cvtres.read.1.tlog
F:\OpenGL\MyOpenGL_Learn\MyOpenGL_Learn\MyOpenGL_Learn\Debug\link-cvtres.write.1.tlog
F:\OpenGL\MyOpenGL_Learn\MyOpenGL_Learn\MyOpenGL_Learn\Debug\link-rc.read.1.tlog
F:\OpenGL\MyOpenGL_Learn\MyOpenGL_Learn\MyOpenGL_Learn\Debug\link-rc.write.1.tlog
F:\OpenGL\MyOpenGL_Learn\MyOpenGL_Learn\MyOpenGL_Learn\Debug\link.1008-cvtres.read.1.tlog
F:\OpenGL\MyOpenGL_Learn\MyOpenGL_Learn\MyOpenGL_Learn\Debug\link.1008-cvtres.write.1.tlog
F:\OpenGL\MyOpenGL_Learn\MyOpenGL_Learn\MyOpenGL_Learn\Debug\link.1008-rc.read.1.tlog
F:\OpenGL\MyOpenGL_Learn\MyOpenGL_Learn\MyOpenGL_Learn\Debug\link.1008-rc.write.1.tlog
F:\OpenGL\MyOpenGL_Learn\MyOpenGL_Learn\MyOpenGL_Learn\Debug\link.1008.read.1.tlog
F:\OpenGL\MyOpenGL_Learn\MyOpenGL_Learn\MyOpenGL_Learn\Debug\link.1008.write.1.tlog
F:\OpenGL\MyOpenGL_Learn\MyOpenGL_Learn\MyOpenGL_Learn\Debug\link.3128-cvtres.read.1.tlog
F:\OpenGL\MyOpenGL_Learn\MyOpenGL_Learn\MyOpenGL_Learn\Debug\link.3128-cvtres.write.1.tlog
F:\OpenGL\MyOpenGL_Learn\MyOpenGL_Learn\MyOpenGL_Learn\Debug\link.3128-rc.read.1.tlog
F:\OpenGL\MyOpenGL_Learn\MyOpenGL_Learn\MyOpenGL_Learn\Debug\link.3128-rc.write.1.tlog
F:\OpenGL\MyOpenGL_Learn\MyOpenGL_Learn\MyOpenGL_Learn\Debug\link.3128.read.1.tlog
F:\OpenGL\MyOpenGL_Learn\MyOpenGL_Learn\MyOpenGL_Learn\Debug\link.3128.write.1.tlog
F:\OpenGL\MyOpenGL_Learn\MyOpenGL_Learn\MyOpenGL_Learn\Debug\link.3836-cvtres.read.1.tlog
F:\OpenGL\MyOpenGL_Learn\MyOpenGL_Learn\MyOpenGL_Learn\Debug\link.3836-cvtres.write.1.tlog
F:\OpenGL\MyOpenGL_Learn\MyOpenGL_Learn\MyOpenGL_Learn\Debug\link.3836-rc.read.1.tlog
F:\OpenGL\MyOpenGL_Learn\MyOpenGL_Learn\MyOpenGL_Learn\Debug\link.3836-rc.write.1.tlog
F:\OpenGL\MyOpenGL_Learn\MyOpenGL_Learn\MyOpenGL_Learn\Debug\link.3836.read.1.tlog
F:\OpenGL\MyOpenGL_Learn\MyOpenGL_Learn\MyOpenGL_Learn\Debug\link.3836.write.1.tlog
F:\OpenGL\MyOpenGL_Learn\MyOpenGL_Learn\MyOpenGL_Learn\Debug\link.3864-cvtres.read.1.tlog
F:\OpenGL\MyOpenGL_Learn\MyOpenGL_Learn\MyOpenGL_Learn\Debug\link.3864-cvtres.write.1.tlog
F:\OpenGL\MyOpenGL_Learn\MyOpenGL_Learn\MyOpenGL_Learn\Debug\link.3864-rc.read.1.tlog
F:\OpenGL\MyOpenGL_Learn\MyOpenGL_Learn\MyOpenGL_Learn\Debug\link.3864-rc.write.1.tlog
F:\OpenGL\MyOpenGL_Learn\MyOpenGL_Learn\MyOpenGL_Learn\Debug\link.3864.read.1.tlog
F:\OpenGL\MyOpenGL_Learn\MyOpenGL_Learn\MyOpenGL_Learn\Debug\link.3864.write.1.tlog
F:\OpenGL\MyOpenGL_Learn\MyOpenGL_Learn\MyOpenGL_Learn\Debug\link.4776-cvtres.read.1.tlog
F:\OpenGL\MyOpenGL_Learn\MyOpenGL_Learn\MyOpenGL_Learn\Debug\link.4776-cvtres.write.1.tlog
F:\OpenGL\MyOpenGL_Learn\MyOpenGL_Learn\MyOpenGL_Learn\Debug\link.4776-rc.read.1.tlog
F:\OpenGL\MyOpenGL_Learn\MyOpenGL_Learn\MyOpenGL_Learn\Debug\link.4776-rc.write.1.tlog
F:\OpenGL\MyOpenGL_Learn\MyOpenGL_Learn\MyOpenGL_Learn\Debug\link.4776.read.1.tlog
F:\OpenGL\MyOpenGL_Learn\MyOpenGL_Learn\MyOpenGL_Learn\Debug\link.4776.write.1.tlog
F:\OpenGL\MyOpenGL_Learn\MyOpenGL_Learn\MyOpenGL_Learn\Debug\link.5760-cvtres.read.1.tlog
F:\OpenGL\MyOpenGL_Learn\MyOpenGL_Learn\MyOpenGL_Learn\Debug\link.5760-cvtres.write.1.tlog
F:\OpenGL\MyOpenGL_Learn\MyOpenGL_Learn\MyOpenGL_Learn\Debug\link.5760-rc.read.1.tlog
F:\OpenGL\MyOpenGL_Learn\MyOpenGL_Learn\MyOpenGL_Learn\Debug\link.5760-rc.write.1.tlog
F:\OpenGL\MyOpenGL_Learn\MyOpenGL_Learn\MyOpenGL_Learn\Debug\link.5760.read.1.tlog
F:\OpenGL\MyOpenGL_Learn\MyOpenGL_Learn\MyOpenGL_Learn\Debug\link.5760.write.1.tlog
F:\OpenGL\MyOpenGL_Learn\MyOpenGL_Learn\MyOpenGL_Learn\Debug\link.8152-cvtres.read.1.tlog
F:\OpenGL\MyOpenGL_Learn\MyOpenGL_Learn\MyOpenGL_Learn\Debug\link.8152-cvtres.write.1.tlog
F:\OpenGL\MyOpenGL_Learn\MyOpenGL_Learn\MyOpenGL_Learn\Debug\link.8152-rc.read.1.tlog
F:\OpenGL\MyOpenGL_Learn\MyOpenGL_Learn\MyOpenGL_Learn\Debug\link.8152-rc.write.1.tlog
F:\OpenGL\MyOpenGL_Learn\MyOpenGL_Learn\MyOpenGL_Learn\Debug\link.8152.read.1.tlog
F:\OpenGL\MyOpenGL_Learn\MyOpenGL_Learn\MyOpenGL_Learn\Debug\link.8152.write.1.tlog
F:\OpenGL\MyOpenGL_Learn\MyOpenGL_Learn\MyOpenGL_Learn\Debug\link.command.1.tlog
F:\OpenGL\MyOpenGL_Learn\MyOpenGL_Learn\MyOpenGL_Learn\Debug\link.read.1.tlog
F:\OpenGL\MyOpenGL_Learn\MyOpenGL_Learn\MyOpenGL_Learn\Debug\link.write.1.tlog
F:\OpenGL\MyOpenGL_Learn\MyOpenGL_Learn\MyOpenGL_Learn\Debug\MyOpenGL_Learn.pch
F:\OpenGL\MyOpenGL_Learn\MyOpenGL_Learn\MyOpenGL_Learn\Debug\vc110.idb
F:\OpenGL\MyOpenGL_Learn\MyOpenGL_Learn\MyOpenGL_Learn\Debug\vc110.pdb
F:\OpenGL\MyOpenGL_Learn\MyOpenGL_Learn\Debug\MyOpenGL_Learn.pdb
F:\OpenGL\MyOpenGL_Learn\MyOpenGL_Learn\Debug\MyOpenGL_Learn.exe
F:\OpenGL\MyOpenGL_Learn\MyOpenGL_Learn\Debug\MyOpenGL_Learn.ilk
